<?xml version="1.0" encoding="UTF-8"?>
<!-- Generated by org.testng.reporters.JUnitXMLReporter -->
<testsuite hostname="LAPTOP-V0JJPC90" failures="3" tests="3" name="Test" time="12.418" errors="0" timestamp="15 Nov 2019 13:57:34 GMT">
  <testcase classname="bcdd.loginTest" name="bloginTest" time="5.268">
    <failure type="java.lang.NullPointerException">
      <![CDATA[java.lang.NullPointerException
	at bcdd.loginTest.bloginTest(loginTest.java:19)
... Removed 25 stack frames]]>
    </failure>
  </testcase> <!-- bloginTest -->
  <testcase classname="bcdd.loginTest" name="bloginTest" time="3.048">
    <failure type="java.lang.NullPointerException">
      <![CDATA[java.lang.NullPointerException
	at bcdd.loginTest.bloginTest(loginTest.java:19)
... Removed 25 stack frames]]>
    </failure>
  </testcase> <!-- bloginTest -->
  <testcase classname="bcdd.loginTest" name="bloginTest" time="3.998">
    <failure type="java.lang.NullPointerException">
      <![CDATA[java.lang.NullPointerException
	at bcdd.loginTest.bloginTest(loginTest.java:19)
... Removed 25 stack frames]]>
    </failure>
  </testcase> <!-- bloginTest -->
</testsuite> <!-- Test -->
