<?xml version="1.0" encoding="UTF-8"?>
<!-- Generated by org.testng.reporters.JUnitXMLReporter -->
<testsuite ignored="0" hostname="LAPTOP-V0JJPC90" failures="0" tests="7" name="Command line test" time="104.023" errors="0" timestamp="2019-11-16T08:15:47 IST">
  <testcase classname="bcdd.CobpTest" name="enterMsisdn" time="0.012"/>
  <testcase classname="bcdd.CobpTest" name="existingCustomer" time="0.001"/>
  <testcase classname="bcdd.loginTest" name="bloginTest" time="35.696"/>
  <testcase classname="bcdd.loginTest" name="bloginTest" time="32.254"/>
  <testcase classname="bcdd.loginTest" name="bloginTest" time="35.934"/>
  <testcase classname="bcdd.NewTest" name="browser" time="0.0"/>
  <testcase classname="bcdd.NewTest" name="login" time="0.0"/>
</testsuite> <!-- Command line test -->
