<?xml version="1.0" encoding="UTF-8" ?>
<testsuite tests="7" failures="0" name="TestSuite" time="103.911" errors="0" skipped="0">
  <properties>
[...]
</properties>
  <testcase classname="bcdd.CobpTest" name="enterMsisdn" time="0.015"/>
  <testcase classname="bcdd.CobpTest" name="existingCustomer" time="0.008"/>
  <testcase classname="bcdd.loginTest" name="bloginTest" time="35.7"/>
  <testcase classname="bcdd.loginTest" name="bloginTest" time="32.253"/>
  <testcase classname="bcdd.loginTest" name="bloginTest" time="35.931"/>
  <testcase classname="bcdd.NewTest" name="browser" time="0.002"/>
  <testcase classname="bcdd.NewTest" name="login" time="0.002"/>
</testsuite>